2023-05-21 01:33:57,759{GMT}	INFO	[jepsen test runner] jepsen.core: Command line:
lein run test -w echo --bin /mnt/c/Users/batur/go/bin/c1-echo.exe --node-count 1 --time-limit 10
2023-05-21 01:33:57,950{GMT}	INFO	[jepsen test runner] jepsen.core: Running test:
{:args []
 :remote
 #jepsen.control.retry.Remote{:remote #jepsen.control.scp.Remote{:cmd-remote #jepsen.control.sshj.SSHJRemote{:concurrency-limit 6,
                                                                                                             :conn-spec nil,
                                                                                                             :client nil,
                                                                                                             :semaphore nil},
                                                                 :conn-spec nil},
                              :conn nil}
 :log-net-send false
 :node-count 1
 :availability nil
 :max-txn-length 4
 :concurrency 1
 :db
 #object[maelstrom.db$db$reify__16142
         "0xd15f98a"
         "maelstrom.db$db$reify__16142@d15f98a"]
 :max-writes-per-key 16
 :leave-db-running? false
 :name "echo"
 :logging-json? false
 :start-time
 #object[org.joda.time.DateTime "0x8d40f07" "2023-05-21T01:33:57.650+03:00"]
 :nemesis-interval 10
 :net
 #object[maelstrom.net$jepsen_net$reify__15251
         "0x196c8b93"
         "maelstrom.net$jepsen_net$reify__15251@196c8b93"]
 :client
 #object[maelstrom.workload.echo$client$reify__16863
         "0x307ca947"
         "maelstrom.workload.echo$client$reify__16863@307ca947"]
 :barrier
 #object[java.util.concurrent.CyclicBarrier
         "0x61d1315b"
         "java.util.concurrent.CyclicBarrier@61d1315b"]
 :log-stderr false
 :pure-generators true
 :ssh {:dummy? true}
 :rate 5
 :checker
 #object[jepsen.checker$compose$reify__11881
         "0x49d5b651"
         "jepsen.checker$compose$reify__11881@49d5b651"]
 :argv
 ("test"
  "-w"
  "echo"
  "--bin"
  "/mnt/c/Users/batur/go/bin/c1-echo.exe"
  "--node-count"
  "1"
  "--time-limit"
  "10")
 :nemesis
 (jepsen.nemesis.ReflCompose
  {:fm {:start-partition 0,
        :stop-partition 0,
        :kill 1,
        :start 1,
        :pause 1,
        :resume 1},
   :nemeses [#unprintable "jepsen.nemesis.combined$partition_nemesis$reify__16416@34989ceb"
             #unprintable "jepsen.nemesis.combined$db_nemesis$reify__16397@61fb3dae"]})
 :nodes ["n0"]
 :test-count 1
 :latency {:mean 0, :dist :constant}
 :bin "/mnt/c/Users/batur/go/bin/c1-echo.exe"
 :generator
 (jepsen.generator.TimeLimit
  {:limit 10000000000,
   :cutoff nil,
   :gen (jepsen.generator.Any
         {:gens [(jepsen.generator.OnThreads
                  {:f #{:nemesis},
                   :context-filter #object[jepsen.generator.context$make_thread_filter$lazy_filter__9167
                                           "0x5aad4194"
                                           "jepsen.generator.context$make_thread_filter$lazy_filter__9167@5aad4194"],
                   :gen nil})
                 (jepsen.generator.OnThreads
                  {:f #jepsen.generator.context.AllBut{:element :nemesis},
                   :context-filter #object[jepsen.generator.context$make_thread_filter$lazy_filter__9167
                                           "0x50a1c2f3"
                                           "jepsen.generator.context$make_thread_filter$lazy_filter__9167@50a1c2f3"],
                   :gen (jepsen.generator.Stagger
                         {:dt 400000000,
                          :next-time nil,
                          :gen (jepsen.generator.EachThread
                                {:fresh-gen #object[maelstrom.workload.echo$workload$fn__16882
                                                    "0x453ca7f"
                                                    "maelstrom.workload.echo$workload$fn__16882@453ca7f"],
                                 :context-filters #object[clojure.core$promise$reify__8591
                                                          "0x5d41b929"
                                                          {:status :pending,
                                                           :val nil}],
                                 :gens {}})})})]})})
 :log-net-recv false
 :os
 #object[maelstrom.net$jepsen_os$reify__15254
         "0x6dd0e2f4"
         "maelstrom.net$jepsen_os$reify__15254@6dd0e2f4"]
 :time-limit 10
 :workload :echo
 :consistency-models [:strict-serializable]
 :topology :grid}

2023-05-21 01:34:01,164{GMT}	INFO	[jepsen node n0] maelstrom.net: Starting Maelstrom network
2023-05-21 01:34:01,168{GMT}	INFO	[jepsen test runner] jepsen.db: Tearing down DB
2023-05-21 01:34:01,172{GMT}	INFO	[jepsen test runner] jepsen.db: Setting up DB
2023-05-21 01:34:01,180{GMT}	INFO	[jepsen node n0] maelstrom.service: Starting services: (lin-kv lin-tso lww-kv seq-kv)
2023-05-21 01:34:01,192{GMT}	INFO	[jepsen node n0] maelstrom.db: Setting up n0
2023-05-21 01:34:01,225{GMT}	INFO	[jepsen node n0] maelstrom.process: launching /mnt/c/Users/batur/go/bin/c1-echo.exe []
2023-05-21 01:34:01,474{GMT}	INFO	[jepsen test runner] jepsen.core: Relative time begins now
2023-05-21 01:34:01,596{GMT}	INFO	[jepsen worker 0] jepsen.util: 0	:invoke	:echo	"Please echo 4"
2023-05-21 01:34:01,633{GMT}	INFO	[jepsen worker 0] jepsen.util: 0	:ok	:echo	{:echo "Please echo 4", :in_reply_to 1, :msg_id 1, :type "echo_ok"}
2023-05-21 01:34:01,757{GMT}	INFO	[jepsen worker 0] jepsen.util: 0	:invoke	:echo	"Please echo 95"
2023-05-21 01:34:01,782{GMT}	INFO	[jepsen worker 0] jepsen.util: 0	:ok	:echo	{:echo "Please echo 95", :in_reply_to 2, :msg_id 2, :type "echo_ok"}
2023-05-21 01:34:01,940{GMT}	INFO	[jepsen worker 0] jepsen.util: 0	:invoke	:echo	"Please echo 92"
2023-05-21 01:34:01,948{GMT}	INFO	[jepsen worker 0] jepsen.util: 0	:ok	:echo	{:echo "Please echo 92", :in_reply_to 3, :msg_id 3, :type "echo_ok"}
2023-05-21 01:34:02,068{GMT}	INFO	[jepsen worker 0] jepsen.util: 0	:invoke	:echo	"Please echo 113"
2023-05-21 01:34:02,072{GMT}	INFO	[jepsen worker 0] jepsen.util: 0	:ok	:echo	{:echo "Please echo 113", :in_reply_to 4, :msg_id 4, :type "echo_ok"}
2023-05-21 01:34:02,317{GMT}	INFO	[jepsen worker 0] jepsen.util: 0	:invoke	:echo	"Please echo 60"
2023-05-21 01:34:02,321{GMT}	INFO	[jepsen worker 0] jepsen.util: 0	:ok	:echo	{:echo "Please echo 60", :in_reply_to 5, :msg_id 5, :type "echo_ok"}
2023-05-21 01:34:02,392{GMT}	INFO	[jepsen worker 0] jepsen.util: 0	:invoke	:echo	"Please echo 108"
2023-05-21 01:34:02,396{GMT}	INFO	[jepsen worker 0] jepsen.util: 0	:ok	:echo	{:echo "Please echo 108", :in_reply_to 6, :msg_id 6, :type "echo_ok"}
2023-05-21 01:34:02,763{GMT}	INFO	[jepsen worker 0] jepsen.util: 0	:invoke	:echo	"Please echo 8"
2023-05-21 01:34:02,767{GMT}	INFO	[jepsen worker 0] jepsen.util: 0	:ok	:echo	{:echo "Please echo 8", :in_reply_to 7, :msg_id 7, :type "echo_ok"}
2023-05-21 01:34:03,144{GMT}	INFO	[jepsen worker 0] jepsen.util: 0	:invoke	:echo	"Please echo 36"
2023-05-21 01:34:03,147{GMT}	INFO	[jepsen worker 0] jepsen.util: 0	:ok	:echo	{:echo "Please echo 36", :in_reply_to 8, :msg_id 8, :type "echo_ok"}
2023-05-21 01:34:03,361{GMT}	INFO	[jepsen worker 0] jepsen.util: 0	:invoke	:echo	"Please echo 41"
2023-05-21 01:34:03,366{GMT}	INFO	[jepsen worker 0] jepsen.util: 0	:ok	:echo	{:echo "Please echo 41", :in_reply_to 9, :msg_id 9, :type "echo_ok"}
2023-05-21 01:34:03,492{GMT}	INFO	[jepsen worker 0] jepsen.util: 0	:invoke	:echo	"Please echo 119"
2023-05-21 01:34:03,501{GMT}	INFO	[jepsen worker 0] jepsen.util: 0	:ok	:echo	{:echo "Please echo 119", :in_reply_to 10, :msg_id 10, :type "echo_ok"}
2023-05-21 01:34:03,751{GMT}	INFO	[jepsen worker 0] jepsen.util: 0	:invoke	:echo	"Please echo 11"
2023-05-21 01:34:03,755{GMT}	INFO	[jepsen worker 0] jepsen.util: 0	:ok	:echo	{:echo "Please echo 11", :in_reply_to 11, :msg_id 11, :type "echo_ok"}
2023-05-21 01:34:03,757{GMT}	INFO	[jepsen worker 0] jepsen.util: 0	:invoke	:echo	"Please echo 43"
2023-05-21 01:34:03,761{GMT}	INFO	[jepsen worker 0] jepsen.util: 0	:ok	:echo	{:echo "Please echo 43", :in_reply_to 12, :msg_id 12, :type "echo_ok"}
2023-05-21 01:34:03,795{GMT}	INFO	[jepsen worker 0] jepsen.util: 0	:invoke	:echo	"Please echo 18"
2023-05-21 01:34:03,812{GMT}	INFO	[jepsen worker 0] jepsen.util: 0	:ok	:echo	{:echo "Please echo 18", :in_reply_to 13, :msg_id 13, :type "echo_ok"}
2023-05-21 01:34:03,949{GMT}	INFO	[jepsen worker 0] jepsen.util: 0	:invoke	:echo	"Please echo 1"
2023-05-21 01:34:03,954{GMT}	INFO	[jepsen worker 0] jepsen.util: 0	:ok	:echo	{:echo "Please echo 1", :in_reply_to 14, :msg_id 14, :type "echo_ok"}
2023-05-21 01:34:04,057{GMT}	INFO	[jepsen worker 0] jepsen.util: 0	:invoke	:echo	"Please echo 31"
2023-05-21 01:34:04,118{GMT}	INFO	[jepsen worker 0] jepsen.util: 0	:ok	:echo	{:echo "Please echo 31", :in_reply_to 15, :msg_id 15, :type "echo_ok"}
2023-05-21 01:34:04,218{GMT}	INFO	[jepsen worker 0] jepsen.util: 0	:invoke	:echo	"Please echo 109"
2023-05-21 01:34:04,243{GMT}	INFO	[jepsen worker 0] jepsen.util: 0	:ok	:echo	{:echo "Please echo 109", :in_reply_to 16, :msg_id 16, :type "echo_ok"}
2023-05-21 01:34:04,428{GMT}	INFO	[jepsen worker 0] jepsen.util: 0	:invoke	:echo	"Please echo 21"
2023-05-21 01:34:04,459{GMT}	INFO	[jepsen worker 0] jepsen.util: 0	:ok	:echo	{:echo "Please echo 21", :in_reply_to 17, :msg_id 17, :type "echo_ok"}
2023-05-21 01:34:04,469{GMT}	INFO	[jepsen worker 0] jepsen.util: 0	:invoke	:echo	"Please echo 86"
2023-05-21 01:34:04,481{GMT}	INFO	[jepsen worker 0] jepsen.util: 0	:ok	:echo	{:echo "Please echo 86", :in_reply_to 18, :msg_id 18, :type "echo_ok"}
2023-05-21 01:34:04,785{GMT}	INFO	[jepsen worker 0] jepsen.util: 0	:invoke	:echo	"Please echo 123"
2023-05-21 01:34:04,794{GMT}	INFO	[jepsen worker 0] jepsen.util: 0	:ok	:echo	{:echo "Please echo 123", :in_reply_to 19, :msg_id 19, :type "echo_ok"}
2023-05-21 01:34:05,082{GMT}	INFO	[jepsen worker 0] jepsen.util: 0	:invoke	:echo	"Please echo 121"
2023-05-21 01:34:05,097{GMT}	INFO	[jepsen worker 0] jepsen.util: 0	:ok	:echo	{:echo "Please echo 121", :in_reply_to 20, :msg_id 20, :type "echo_ok"}
2023-05-21 01:34:05,277{GMT}	INFO	[jepsen worker 0] jepsen.util: 0	:invoke	:echo	"Please echo 90"
2023-05-21 01:34:05,288{GMT}	INFO	[jepsen worker 0] jepsen.util: 0	:ok	:echo	{:echo "Please echo 90", :in_reply_to 21, :msg_id 21, :type "echo_ok"}
2023-05-21 01:34:05,432{GMT}	INFO	[jepsen worker 0] jepsen.util: 0	:invoke	:echo	"Please echo 82"
2023-05-21 01:34:05,462{GMT}	INFO	[jepsen worker 0] jepsen.util: 0	:ok	:echo	{:echo "Please echo 82", :in_reply_to 22, :msg_id 22, :type "echo_ok"}
2023-05-21 01:34:05,502{GMT}	INFO	[jepsen worker 0] jepsen.util: 0	:invoke	:echo	"Please echo 103"
2023-05-21 01:34:05,507{GMT}	INFO	[jepsen worker 0] jepsen.util: 0	:ok	:echo	{:echo "Please echo 103", :in_reply_to 23, :msg_id 23, :type "echo_ok"}
2023-05-21 01:34:05,540{GMT}	INFO	[jepsen worker 0] jepsen.util: 0	:invoke	:echo	"Please echo 49"
2023-05-21 01:34:05,546{GMT}	INFO	[jepsen worker 0] jepsen.util: 0	:ok	:echo	{:echo "Please echo 49", :in_reply_to 24, :msg_id 24, :type "echo_ok"}
2023-05-21 01:34:05,779{GMT}	INFO	[jepsen worker 0] jepsen.util: 0	:invoke	:echo	"Please echo 80"
2023-05-21 01:34:05,782{GMT}	INFO	[jepsen worker 0] jepsen.util: 0	:ok	:echo	{:echo "Please echo 80", :in_reply_to 25, :msg_id 25, :type "echo_ok"}
2023-05-21 01:34:05,976{GMT}	INFO	[jepsen worker 0] jepsen.util: 0	:invoke	:echo	"Please echo 17"
2023-05-21 01:34:06,006{GMT}	INFO	[jepsen worker 0] jepsen.util: 0	:ok	:echo	{:echo "Please echo 17", :in_reply_to 26, :msg_id 26, :type "echo_ok"}
2023-05-21 01:34:06,255{GMT}	INFO	[jepsen worker 0] jepsen.util: 0	:invoke	:echo	"Please echo 83"
2023-05-21 01:34:06,258{GMT}	INFO	[jepsen worker 0] jepsen.util: 0	:ok	:echo	{:echo "Please echo 83", :in_reply_to 27, :msg_id 27, :type "echo_ok"}
2023-05-21 01:34:06,459{GMT}	INFO	[jepsen worker 0] jepsen.util: 0	:invoke	:echo	"Please echo 76"
2023-05-21 01:34:06,463{GMT}	INFO	[jepsen worker 0] jepsen.util: 0	:ok	:echo	{:echo "Please echo 76", :in_reply_to 28, :msg_id 28, :type "echo_ok"}
2023-05-21 01:34:06,545{GMT}	INFO	[jepsen worker 0] jepsen.util: 0	:invoke	:echo	"Please echo 15"
2023-05-21 01:34:06,548{GMT}	INFO	[jepsen worker 0] jepsen.util: 0	:ok	:echo	{:echo "Please echo 15", :in_reply_to 29, :msg_id 29, :type "echo_ok"}
2023-05-21 01:34:06,926{GMT}	INFO	[jepsen worker 0] jepsen.util: 0	:invoke	:echo	"Please echo 17"
2023-05-21 01:34:06,930{GMT}	INFO	[jepsen worker 0] jepsen.util: 0	:ok	:echo	{:echo "Please echo 17", :in_reply_to 30, :msg_id 30, :type "echo_ok"}
2023-05-21 01:34:07,122{GMT}	INFO	[jepsen worker 0] jepsen.util: 0	:invoke	:echo	"Please echo 62"
2023-05-21 01:34:07,128{GMT}	INFO	[jepsen worker 0] jepsen.util: 0	:ok	:echo	{:echo "Please echo 62", :in_reply_to 31, :msg_id 31, :type "echo_ok"}
2023-05-21 01:34:07,412{GMT}	INFO	[jepsen worker 0] jepsen.util: 0	:invoke	:echo	"Please echo 45"
2023-05-21 01:34:07,428{GMT}	INFO	[jepsen worker 0] jepsen.util: 0	:ok	:echo	{:echo "Please echo 45", :in_reply_to 32, :msg_id 32, :type "echo_ok"}
2023-05-21 01:34:07,764{GMT}	INFO	[jepsen worker 0] jepsen.util: 0	:invoke	:echo	"Please echo 105"
2023-05-21 01:34:07,771{GMT}	INFO	[jepsen worker 0] jepsen.util: 0	:ok	:echo	{:echo "Please echo 105", :in_reply_to 33, :msg_id 33, :type "echo_ok"}
2023-05-21 01:34:08,156{GMT}	INFO	[jepsen worker 0] jepsen.util: 0	:invoke	:echo	"Please echo 11"
2023-05-21 01:34:08,176{GMT}	INFO	[jepsen worker 0] jepsen.util: 0	:ok	:echo	{:echo "Please echo 11", :in_reply_to 34, :msg_id 34, :type "echo_ok"}
2023-05-21 01:34:08,333{GMT}	INFO	[jepsen worker 0] jepsen.util: 0	:invoke	:echo	"Please echo 90"
2023-05-21 01:34:08,339{GMT}	INFO	[jepsen worker 0] jepsen.util: 0	:ok	:echo	{:echo "Please echo 90", :in_reply_to 35, :msg_id 35, :type "echo_ok"}
2023-05-21 01:34:08,453{GMT}	INFO	[jepsen worker 0] jepsen.util: 0	:invoke	:echo	"Please echo 60"
2023-05-21 01:34:08,458{GMT}	INFO	[jepsen worker 0] jepsen.util: 0	:ok	:echo	{:echo "Please echo 60", :in_reply_to 36, :msg_id 36, :type "echo_ok"}
2023-05-21 01:34:08,599{GMT}	INFO	[jepsen worker 0] jepsen.util: 0	:invoke	:echo	"Please echo 118"
2023-05-21 01:34:08,604{GMT}	INFO	[jepsen worker 0] jepsen.util: 0	:ok	:echo	{:echo "Please echo 118", :in_reply_to 37, :msg_id 37, :type "echo_ok"}
2023-05-21 01:34:08,729{GMT}	INFO	[jepsen worker 0] jepsen.util: 0	:invoke	:echo	"Please echo 46"
2023-05-21 01:34:08,732{GMT}	INFO	[jepsen worker 0] jepsen.util: 0	:ok	:echo	{:echo "Please echo 46", :in_reply_to 38, :msg_id 38, :type "echo_ok"}
2023-05-21 01:34:08,967{GMT}	INFO	[jepsen worker 0] jepsen.util: 0	:invoke	:echo	"Please echo 36"
2023-05-21 01:34:08,971{GMT}	INFO	[jepsen worker 0] jepsen.util: 0	:ok	:echo	{:echo "Please echo 36", :in_reply_to 39, :msg_id 39, :type "echo_ok"}
2023-05-21 01:34:09,317{GMT}	INFO	[jepsen worker 0] jepsen.util: 0	:invoke	:echo	"Please echo 101"
2023-05-21 01:34:09,320{GMT}	INFO	[jepsen worker 0] jepsen.util: 0	:ok	:echo	{:echo "Please echo 101", :in_reply_to 40, :msg_id 40, :type "echo_ok"}
2023-05-21 01:34:09,509{GMT}	INFO	[jepsen worker 0] jepsen.util: 0	:invoke	:echo	"Please echo 9"
2023-05-21 01:34:09,511{GMT}	INFO	[jepsen worker 0] jepsen.util: 0	:ok	:echo	{:echo "Please echo 9", :in_reply_to 41, :msg_id 41, :type "echo_ok"}
2023-05-21 01:34:09,672{GMT}	INFO	[jepsen worker 0] jepsen.util: 0	:invoke	:echo	"Please echo 100"
2023-05-21 01:34:09,676{GMT}	INFO	[jepsen worker 0] jepsen.util: 0	:ok	:echo	{:echo "Please echo 100", :in_reply_to 42, :msg_id 42, :type "echo_ok"}
2023-05-21 01:34:09,729{GMT}	INFO	[jepsen worker 0] jepsen.util: 0	:invoke	:echo	"Please echo 10"
2023-05-21 01:34:09,732{GMT}	INFO	[jepsen worker 0] jepsen.util: 0	:ok	:echo	{:echo "Please echo 10", :in_reply_to 43, :msg_id 43, :type "echo_ok"}
2023-05-21 01:34:09,774{GMT}	INFO	[jepsen worker 0] jepsen.util: 0	:invoke	:echo	"Please echo 29"
2023-05-21 01:34:09,777{GMT}	INFO	[jepsen worker 0] jepsen.util: 0	:ok	:echo	{:echo "Please echo 29", :in_reply_to 44, :msg_id 44, :type "echo_ok"}
2023-05-21 01:34:09,806{GMT}	INFO	[jepsen worker 0] jepsen.util: 0	:invoke	:echo	"Please echo 0"
2023-05-21 01:34:09,812{GMT}	INFO	[jepsen worker 0] jepsen.util: 0	:ok	:echo	{:echo "Please echo 0", :in_reply_to 45, :msg_id 45, :type "echo_ok"}
2023-05-21 01:34:09,989{GMT}	INFO	[jepsen worker 0] jepsen.util: 0	:invoke	:echo	"Please echo 116"
2023-05-21 01:34:09,996{GMT}	INFO	[jepsen worker 0] jepsen.util: 0	:ok	:echo	{:echo "Please echo 116", :in_reply_to 46, :msg_id 46, :type "echo_ok"}
2023-05-21 01:34:10,102{GMT}	INFO	[jepsen worker 0] jepsen.util: 0	:invoke	:echo	"Please echo 9"
2023-05-21 01:34:10,107{GMT}	INFO	[jepsen worker 0] jepsen.util: 0	:ok	:echo	{:echo "Please echo 9", :in_reply_to 47, :msg_id 47, :type "echo_ok"}
2023-05-21 01:34:10,490{GMT}	INFO	[jepsen worker 0] jepsen.util: 0	:invoke	:echo	"Please echo 88"
2023-05-21 01:34:10,622{GMT}	INFO	[jepsen worker 0] jepsen.util: 0	:ok	:echo	{:echo "Please echo 88", :in_reply_to 48, :msg_id 48, :type "echo_ok"}
2023-05-21 01:34:10,713{GMT}	INFO	[jepsen worker 0] jepsen.util: 0	:invoke	:echo	"Please echo 96"
2023-05-21 01:34:10,717{GMT}	INFO	[jepsen worker 0] jepsen.util: 0	:ok	:echo	{:echo "Please echo 96", :in_reply_to 49, :msg_id 49, :type "echo_ok"}
2023-05-21 01:34:10,893{GMT}	INFO	[jepsen worker 0] jepsen.util: 0	:invoke	:echo	"Please echo 113"
2023-05-21 01:34:10,898{GMT}	INFO	[jepsen worker 0] jepsen.util: 0	:ok	:echo	{:echo "Please echo 113", :in_reply_to 50, :msg_id 50, :type "echo_ok"}
2023-05-21 01:34:10,971{GMT}	INFO	[jepsen worker 0] jepsen.util: 0	:invoke	:echo	"Please echo 37"
2023-05-21 01:34:10,978{GMT}	INFO	[jepsen worker 0] jepsen.util: 0	:ok	:echo	{:echo "Please echo 37", :in_reply_to 51, :msg_id 51, :type "echo_ok"}
2023-05-21 01:34:11,101{GMT}	INFO	[jepsen worker 0] jepsen.util: 0	:invoke	:echo	"Please echo 114"
2023-05-21 01:34:11,122{GMT}	INFO	[jepsen worker 0] jepsen.util: 0	:ok	:echo	{:echo "Please echo 114", :in_reply_to 52, :msg_id 52, :type "echo_ok"}
2023-05-21 01:34:11,207{GMT}	INFO	[jepsen worker 0] jepsen.util: 0	:invoke	:echo	"Please echo 64"
2023-05-21 01:34:11,214{GMT}	INFO	[jepsen worker 0] jepsen.util: 0	:ok	:echo	{:echo "Please echo 64", :in_reply_to 53, :msg_id 53, :type "echo_ok"}
2023-05-21 01:34:11,317{GMT}	INFO	[jepsen test runner] jepsen.core: Run complete, writing
2023-05-21 01:34:12,017{GMT}	INFO	[jepsen node n0] maelstrom.db: Tearing down n0
2023-05-21 01:34:13,196{GMT}	INFO	[jepsen node n0] maelstrom.net: Shutting down Maelstrom network
2023-05-21 01:34:13,215{GMT}	INFO	[jepsen test runner] jepsen.core: Analyzing...
2023-05-21 01:34:14,737{GMT}	INFO	[jepsen test runner] jepsen.core: Analysis complete
2023-05-21 01:34:14,925{GMT}	INFO	[jepsen results] jepsen.store: Wrote /mnt/y/Temp/maelstrom/store/echo/20230521T013357.650+0300/results.edn
2023-05-21 01:34:15,097{GMT}	INFO	[jepsen test runner] jepsen.core: {:perf {:latency-graph {:valid? true},
        :rate-graph {:valid? true},
        :valid? true},
 :timeline {:valid? true},
 :exceptions {:valid? true},
 :stats {:valid? true,
         :count 53,
         :ok-count 53,
         :fail-count 0,
         :info-count 0,
         :by-f {:echo {:valid? true,
                       :count 53,
                       :ok-count 53,
                       :fail-count 0,
                       :info-count 0}}},
 :availability {:valid? true, :ok-fraction 1.0},
 :net {:all {:send-count 108,
             :recv-count 108,
             :msg-count 108,
             :msgs-per-op 2.037736},
       :clients {:send-count 108, :recv-count 108, :msg-count 108},
       :servers {:send-count 0,
                 :recv-count 0,
                 :msg-count 0,
                 :msgs-per-op 0.0},
       :valid? true},
 :workload {:valid? true, :errors ()},
 :valid? true}


Everything looks good! ヽ(‘ー`)ノ
